0 info it worked if it ends with ok
1 warn npm npm does not support Node.js v0.10.0
2 warn npm You should probably upgrade to a newer version of node as we
3 warn npm can't make any promises that npm will work with this version.
4 warn npm You can find the latest version at https://nodejs.org/
5 verbose cli [ 'node',
5 verbose cli   '/home/dgorodnichy/.nvm/v0.10.0/bin/npm',
5 verbose cli   'i',
5 verbose cli   'ReactCSSTransitionGroup',
5 verbose cli   '--save' ]
6 info using npm@4.0.3
7 info using node@v0.10.0
8 verbose config Skipping project config: /home/dgorodnichy/.npmrc. (matches userconfig)
9 silly loadCurrentTree Starting
10 silly install loadCurrentTree
11 silly install readLocalPackageData
12 silly fetchPackageMetaData ReactCSSTransitionGroup
13 silly fetchNamedPackageData ReactCSSTransitionGroup
14 silly mapToRegistry name ReactCSSTransitionGroup
15 silly mapToRegistry using default registry
16 silly mapToRegistry registry https://registry.npmjs.org/
17 silly mapToRegistry data { raw: 'ReactCSSTransitionGroup',
17 silly mapToRegistry   scope: null,
17 silly mapToRegistry   escapedName: 'ReactCSSTransitionGroup',
17 silly mapToRegistry   name: 'ReactCSSTransitionGroup',
17 silly mapToRegistry   rawSpec: '',
17 silly mapToRegistry   spec: 'latest',
17 silly mapToRegistry   type: 'tag' }
18 silly mapToRegistry uri https://registry.npmjs.org/ReactCSSTransitionGroup
19 verbose request uri https://registry.npmjs.org/ReactCSSTransitionGroup
20 verbose request no auth needed
21 info attempt registry request try #1 at 14:04:41
22 verbose request id abadb84ddbe05a46
23 http request GET https://registry.npmjs.org/ReactCSSTransitionGroup
24 http 404 https://registry.npmjs.org/ReactCSSTransitionGroup
25 verbose headers { 'content-type': 'application/json',
25 verbose headers   'cache-control': 'max-age=0',
25 verbose headers   'content-length': '2',
25 verbose headers   'accept-ranges': 'bytes',
25 verbose headers   date: 'Tue, 07 Feb 2017 11:04:42 GMT',
25 verbose headers   via: '1.1 varnish',
25 verbose headers   age: '0',
25 verbose headers   connection: 'keep-alive',
25 verbose headers   'x-served-by': 'cache-hhn1529-HHN',
25 verbose headers   'x-cache': 'MISS',
25 verbose headers   'x-cache-hits': '0',
25 verbose headers   'x-timer': 'S1486465482.067383,VS0,VE447',
25 verbose headers   vary: 'Accept-Encoding' }
26 silly get cb [ 404,
26 silly get   { 'content-type': 'application/json',
26 silly get     'cache-control': 'max-age=0',
26 silly get     'content-length': '2',
26 silly get     'accept-ranges': 'bytes',
26 silly get     date: 'Tue, 07 Feb 2017 11:04:42 GMT',
26 silly get     via: '1.1 varnish',
26 silly get     age: '0',
26 silly get     connection: 'keep-alive',
26 silly get     'x-served-by': 'cache-hhn1529-HHN',
26 silly get     'x-cache': 'MISS',
26 silly get     'x-cache-hits': '0',
26 silly get     'x-timer': 'S1486465482.067383,VS0,VE447',
26 silly get     vary: 'Accept-Encoding' } ]
27 silly fetchPackageMetaData Error: Registry returned 404 for GET on https://registry.npmjs.org/ReactCSSTransitionGroup
27 silly fetchPackageMetaData     at makeError (/home/dgorodnichy/.nvm/v0.10.0/lib/node_modules/npm/node_modules/npm-registry-client/lib/request.js:302:12)
27 silly fetchPackageMetaData     at CachingRegistryClient.<anonymous> (/home/dgorodnichy/.nvm/v0.10.0/lib/node_modules/npm/node_modules/npm-registry-client/lib/request.js:280:14)
27 silly fetchPackageMetaData     at Request._callback (/home/dgorodnichy/.nvm/v0.10.0/lib/node_modules/npm/node_modules/npm-registry-client/lib/request.js:210:14)
27 silly fetchPackageMetaData     at Request.self.callback (/home/dgorodnichy/.nvm/v0.10.0/lib/node_modules/npm/node_modules/request/request.js:186:22)
27 silly fetchPackageMetaData     at Request.EventEmitter.emit (events.js:98:17)
27 silly fetchPackageMetaData     at Request.<anonymous> (/home/dgorodnichy/.nvm/v0.10.0/lib/node_modules/npm/node_modules/request/request.js:1081:10)
27 silly fetchPackageMetaData     at Request.EventEmitter.emit (events.js:95:17)
27 silly fetchPackageMetaData     at IncomingMessage.<anonymous> (/home/dgorodnichy/.nvm/v0.10.0/lib/node_modules/npm/node_modules/request/request.js:1001:12)
27 silly fetchPackageMetaData     at IncomingMessage.g (events.js:175:14)
27 silly fetchPackageMetaData     at IncomingMessage.EventEmitter.emit (events.js:117:20)
27 silly fetchPackageMetaData  error for ReactCSSTransitionGroup { [Error: Registry returned 404 for GET on https://registry.npmjs.org/ReactCSSTransitionGroup]
27 silly fetchPackageMetaData   pkgid: 'ReactCSSTransitionGroup',
27 silly fetchPackageMetaData   statusCode: 404,
27 silly fetchPackageMetaData   code: 'E404' }
28 silly rollbackFailedOptional Starting
29 silly rollbackFailedOptional Finishing
30 silly runTopLevelLifecycles Finishing
31 silly install printInstalled
32 verbose stack Error: Registry returned 404 for GET on https://registry.npmjs.org/ReactCSSTransitionGroup
32 verbose stack     at makeError (/home/dgorodnichy/.nvm/v0.10.0/lib/node_modules/npm/node_modules/npm-registry-client/lib/request.js:302:12)
32 verbose stack     at CachingRegistryClient.<anonymous> (/home/dgorodnichy/.nvm/v0.10.0/lib/node_modules/npm/node_modules/npm-registry-client/lib/request.js:280:14)
32 verbose stack     at Request._callback (/home/dgorodnichy/.nvm/v0.10.0/lib/node_modules/npm/node_modules/npm-registry-client/lib/request.js:210:14)
32 verbose stack     at Request.self.callback (/home/dgorodnichy/.nvm/v0.10.0/lib/node_modules/npm/node_modules/request/request.js:186:22)
32 verbose stack     at Request.EventEmitter.emit (events.js:98:17)
32 verbose stack     at Request.<anonymous> (/home/dgorodnichy/.nvm/v0.10.0/lib/node_modules/npm/node_modules/request/request.js:1081:10)
32 verbose stack     at Request.EventEmitter.emit (events.js:95:17)
32 verbose stack     at IncomingMessage.<anonymous> (/home/dgorodnichy/.nvm/v0.10.0/lib/node_modules/npm/node_modules/request/request.js:1001:12)
32 verbose stack     at IncomingMessage.g (events.js:175:14)
32 verbose stack     at IncomingMessage.EventEmitter.emit (events.js:117:20)
33 verbose statusCode 404
34 verbose pkgid ReactCSSTransitionGroup
35 verbose cwd /home/dgorodnichy/projects/shakuro-trello-rails
36 error Linux 4.4.0-62-generic
37 error argv "node" "/home/dgorodnichy/.nvm/v0.10.0/bin/npm" "i" "ReactCSSTransitionGroup" "--save"
38 error node v0.10.0
39 error npm  v4.0.3
40 error code E404
41 error 404 Registry returned 404 for GET on https://registry.npmjs.org/ReactCSSTransitionGroup
42 error 404
43 error 404 'ReactCSSTransitionGroup' is not in the npm registry.
44 error 404 Your package name is not valid, because
45 error 404 1. name can no longer contain capital letters
46 error 404 Note that you can also install from a
47 error 404 tarball, folder, http url, or git url.
48 verbose exit [ 1, true ]
